2021-05-31 13:43:53,961 [ MainThread ] [ INFO ] Imports done 
2021-05-31 13:43:54,170 [ MainThread ] [ INFO ] Working dir : C:\Users\25198\Desktop\Natto
2021-05-31 13:43:54,171 [ MainThread ] [ INFO ] Hentai folder : True
2021-05-31 13:43:54,172 [ MainThread ] [ INFO ] Hentai folder exists , All good .
2021-05-31 13:43:54,185 [ MainThread ] [ INFO ] UI Started.
2021-05-31 13:43:54,186 [ MainThread ] [ INFO ] Tk MainLoop Started 
2021-05-31 13:43:55,497 [ MainThread ] [ INFO ] Sauce search requested
2021-05-31 13:43:55,499 [ Thread-1 ] [ DEBUG ] Error Searching 
2021-05-31 13:43:55,500 [ Thread-1 ] [ DEBUG ] Error Searching 
2021-05-31 13:43:55,500 [ Thread-1 ] [ DEBUG ] Error Searching 
2021-05-31 13:43:55,501 [ Thread-1 ] [ DEBUG ] Error Searching 
2021-05-31 13:43:56,502 [ Thread-1 ] [ DEBUG ] Search returned  
2021-05-31 13:44:07,902 [ MainThread ] [ INFO ] Sauce search requested
2021-05-31 13:44:08,905 [ Thread-3 ] [ DEBUG ] Search returned  
2021-05-31 13:44:15,023 [ Thread-5 ] [ DEBUG ] Error downloading 1
2021-05-31 13:44:15,024 [ Thread-6 ] [ DEBUG ] Download Thread Ongoing? True
2021-05-31 13:44:16,025 [ Thread-5 ] [ DEBUG ] Downloaded 2
2021-05-31 13:44:17,026 [ Thread-5 ] [ DEBUG ] Downloaded 4
2021-05-31 13:44:17,027 [ Thread-5 ] [ DEBUG ] Error downloading 6
2021-05-31 13:44:17,030 [ Thread-6 ] [ DEBUG ] Download Thread Ongoing? True
2021-05-31 13:44:18,029 [ Thread-5 ] [ DEBUG ] Downloaded 7
2021-05-31 13:44:18,030 [ Thread-5 ] [ DEBUG ] Error downloading 9
2021-05-31 13:44:19,031 [ Thread-5 ] [ DEBUG ] Downloaded 10
2021-05-31 13:44:19,032 [ Thread-5 ] [ DEBUG ] Error downloading 1
2021-05-31 13:44:19,033 [ Thread-5 ] [ DEBUG ] Error downloading 3
2021-05-31 13:44:19,035 [ Thread-6 ] [ DEBUG ] Download Thread Ongoing? True
2021-05-31 13:44:20,035 [ Thread-5 ] [ DEBUG ] Downloaded 5
2021-05-31 13:44:20,040 [ Thread-5 ] [ DEBUG ] Error downloading 8
2021-05-31 13:44:20,042 [ Thread-5 ] [ DEBUG ] Error downloading 9
2021-05-31 13:44:21,044 [ Thread-5 ] [ DEBUG ] Downloaded 1
2021-05-31 13:44:21,044 [ Thread-6 ] [ DEBUG ] Download Thread Ongoing? True
2021-05-31 13:44:21,048 [ Thread-5 ] [ DEBUG ] Error downloading 6
2021-05-31 13:44:22,050 [ Thread-5 ] [ DEBUG ] Downloaded 8
2021-05-31 13:44:23,051 [ Thread-5 ] [ DEBUG ] Downloaded 3
2021-05-31 13:44:23,053 [ Thread-6 ] [ DEBUG ] Download Thread Ongoing? True
2021-05-31 13:44:24,052 [ Thread-5 ] [ DEBUG ] Downloaded 9
2021-05-31 13:44:25,054 [ Thread-5 ] [ DEBUG ] Downloaded 6
2021-05-31 13:44:25,059 [ Thread-6 ] [ DEBUG ] Download Thread Ongoing? False
